[0.049s] -- The C compiler identification is GNU 7.4.0
[0.089s] -- The CXX compiler identification is GNU 7.4.0
[0.091s] -- Check for working C compiler: /usr/bin/cc
[0.144s] -- Check for working C compiler: /usr/bin/cc -- works
[0.144s] -- Detecting C compiler ABI info
[0.194s] -- Detecting C compiler ABI info - done
[0.198s] -- Detecting C compile features
[0.376s] -- Detecting C compile features - done
[0.378s] -- Check for working CXX compiler: /usr/bin/c++
[0.446s] -- Check for working CXX compiler: /usr/bin/c++ -- works
[0.446s] -- Detecting CXX compiler ABI info
[0.509s] -- Detecting CXX compiler ABI info - done
[0.513s] -- Detecting CXX compile features
[0.821s] -- Detecting CXX compile features - done
[0.822s] -- Found rosidl_default_generators: 0.7.0 (/opt/ros/dashing/share/rosidl_default_generators/cmake)
[0.823s] -- Found ament_cmake_core: 0.7.4 (/opt/ros/dashing/share/ament_cmake_core/cmake)
[0.849s] -- Found PythonInterp: /usr/bin/python3 (found suitable version "3.6.9", minimum required is "3") 
[0.849s] -- Using PYTHON_EXECUTABLE: /usr/bin/python3
[1.056s] -- Found OpenSSL: /usr/lib/x86_64-linux-gnu/libcrypto.so (found version "1.1.1") 
[1.072s] -- Configuring incomplete, errors occurred!
[1.072s] See also "/home/ramana/auri_v2000/build/au_core/CMakeFiles/CMakeOutput.log".
