[0.185s] DEBUG:colcon:Command line arguments: ['/usr/bin/colcon', 'build']
[0.185s] DEBUG:colcon:Parsed command line arguments: Namespace(ament_cmake_args=None, base_paths=['.'], build_base='build', catkin_cmake_args=None, catkin_skip_building_tests=False, cmake_args=None, cmake_clean_cache=False, cmake_clean_first=False, cmake_force_configure=False, cmake_target=None, cmake_target_skip_unavailable=False, continue_on_error=False, event_handlers=None, executor='parallel', ignore_user_meta=False, install_base='install', log_base=None, log_level=None, main=<bound method BuildVerb.main of <colcon_core.verb.build.BuildVerb object at 0x7f32233dbe80>>, merge_install=False, metas=['./colcon.meta'], packages_above=None, packages_above_depth=None, packages_end=None, packages_ignore=None, packages_ignore_regex=None, packages_select=None, packages_select_build_failed=False, packages_select_by_dep=None, packages_select_regex=None, packages_select_test_failures=False, packages_skip=None, packages_skip_build_finished=False, packages_skip_by_dep=None, packages_skip_regex=None, packages_skip_test_passed=False, packages_skip_up_to=None, packages_start=None, packages_up_to=None, parallel_workers=12, paths=None, symlink_install=False, test_result_base=None, verb_extension=<colcon_core.verb.build.BuildVerb object at 0x7f32233dbe80>, verb_name='build', verb_parser=<colcon_defaults.argument_parser.defaults.DefaultArgumentsDecorator object at 0x7f32233e1128>)
[0.229s] Level 1:colcon.colcon_core.package_discovery:discover_packages(colcon_meta) check parameters
[0.229s] Level 1:colcon.colcon_core.package_discovery:discover_packages(recursive) check parameters
[0.229s] Level 1:colcon.colcon_core.package_discovery:discover_packages(ignore) check parameters
[0.229s] Level 1:colcon.colcon_core.package_discovery:discover_packages(path) check parameters
[0.229s] Level 1:colcon.colcon_core.package_discovery:discover_packages(colcon_meta) discover
[0.229s] Level 1:colcon.colcon_core.package_discovery:discover_packages(recursive) discover
[0.229s] INFO:colcon.colcon_core.package_discovery:Crawling recursively for packages in '/home/ramana/auri_v2000'
[0.229s] Level 1:colcon.colcon_core.package_identification:_identify(.) by extensions ['ignore', 'ignore_ament_install']
[0.229s] Level 1:colcon.colcon_core.package_identification:_identify(.) by extension 'ignore'
[0.229s] Level 1:colcon.colcon_core.package_identification:_identify(.) by extension 'ignore_ament_install'
[0.229s] Level 1:colcon.colcon_core.package_identification:_identify(.) by extensions ['colcon_pkg']
[0.229s] Level 1:colcon.colcon_core.package_identification:_identify(.) by extension 'colcon_pkg'
[0.230s] Level 1:colcon.colcon_core.package_identification:_identify(.) by extensions ['colcon_meta']
[0.230s] Level 1:colcon.colcon_core.package_identification:_identify(.) by extension 'colcon_meta'
[0.230s] Level 1:colcon.colcon_core.package_identification:_identify(.) by extensions ['ros']
[0.230s] Level 1:colcon.colcon_core.package_identification:_identify(.) by extension 'ros'
[0.243s] Level 1:colcon.colcon_core.package_identification:_identify(.) by extensions ['cmake', 'python']
[0.243s] Level 1:colcon.colcon_core.package_identification:_identify(.) by extension 'cmake'
[0.243s] Level 1:colcon.colcon_core.package_identification:_identify(.) by extension 'python'
[0.243s] Level 1:colcon.colcon_core.package_identification:_identify(.) by extensions ['python_setup_py']
[0.243s] Level 1:colcon.colcon_core.package_identification:_identify(.) by extension 'python_setup_py'
[0.243s] Level 1:colcon.colcon_core.package_identification:_identify(build) by extensions ['ignore', 'ignore_ament_install']
[0.243s] Level 1:colcon.colcon_core.package_identification:_identify(build) by extension 'ignore'
[0.243s] Level 1:colcon.colcon_core.package_identification:_identify(build) ignored
[0.243s] Level 1:colcon.colcon_core.package_identification:_identify(catkin_ws) by extensions ['ignore', 'ignore_ament_install']
[0.243s] Level 1:colcon.colcon_core.package_identification:_identify(catkin_ws) by extension 'ignore'
[0.244s] Level 1:colcon.colcon_core.package_identification:_identify(catkin_ws) by extension 'ignore_ament_install'
[0.244s] Level 1:colcon.colcon_core.package_identification:_identify(catkin_ws) by extensions ['colcon_pkg']
[0.244s] Level 1:colcon.colcon_core.package_identification:_identify(catkin_ws) by extension 'colcon_pkg'
[0.244s] Level 1:colcon.colcon_core.package_identification:_identify(catkin_ws) by extensions ['colcon_meta']
[0.244s] Level 1:colcon.colcon_core.package_identification:_identify(catkin_ws) by extension 'colcon_meta'
[0.244s] Level 1:colcon.colcon_core.package_identification:_identify(catkin_ws) by extensions ['ros']
[0.244s] Level 1:colcon.colcon_core.package_identification:_identify(catkin_ws) by extension 'ros'
[0.244s] Level 1:colcon.colcon_core.package_identification:_identify(catkin_ws) by extensions ['cmake', 'python']
[0.244s] Level 1:colcon.colcon_core.package_identification:_identify(catkin_ws) by extension 'cmake'
[0.244s] Level 1:colcon.colcon_core.package_identification:_identify(catkin_ws) by extension 'python'
[0.244s] Level 1:colcon.colcon_core.package_identification:_identify(catkin_ws) by extensions ['python_setup_py']
[0.244s] Level 1:colcon.colcon_core.package_identification:_identify(catkin_ws) by extension 'python_setup_py'
[0.244s] Level 1:colcon.colcon_core.package_identification:_identify(catkin_ws/au_core) by extensions ['ignore', 'ignore_ament_install']
[0.244s] Level 1:colcon.colcon_core.package_identification:_identify(catkin_ws/au_core) by extension 'ignore'
[0.244s] Level 1:colcon.colcon_core.package_identification:_identify(catkin_ws/au_core) by extension 'ignore_ament_install'
[0.244s] Level 1:colcon.colcon_core.package_identification:_identify(catkin_ws/au_core) by extensions ['colcon_pkg']
[0.244s] Level 1:colcon.colcon_core.package_identification:_identify(catkin_ws/au_core) by extension 'colcon_pkg'
[0.245s] Level 1:colcon.colcon_core.package_identification:_identify(catkin_ws/au_core) by extensions ['colcon_meta']
[0.245s] Level 1:colcon.colcon_core.package_identification:_identify(catkin_ws/au_core) by extension 'colcon_meta'
[0.245s] Level 1:colcon.colcon_core.package_identification:_identify(catkin_ws/au_core) by extensions ['ros']
[0.245s] Level 1:colcon.colcon_core.package_identification:_identify(catkin_ws/au_core) by extension 'ros'
[0.248s] DEBUG:colcon.colcon_core.package_identification:Package 'catkin_ws/au_core' with type 'ros.catkin' and name 'au_core'
[0.248s] Level 1:colcon.colcon_core.package_identification:_identify(catkin_ws/build) by extensions ['ignore', 'ignore_ament_install']
[0.248s] Level 1:colcon.colcon_core.package_identification:_identify(catkin_ws/build) by extension 'ignore'
[0.248s] Level 1:colcon.colcon_core.package_identification:_identify(catkin_ws/build) ignored
[0.248s] Level 1:colcon.colcon_core.package_identification:_identify(catkin_ws/install) by extensions ['ignore', 'ignore_ament_install']
[0.249s] Level 1:colcon.colcon_core.package_identification:_identify(catkin_ws/install) by extension 'ignore'
[0.249s] Level 1:colcon.colcon_core.package_identification:_identify(catkin_ws/install) ignored
[0.249s] Level 1:colcon.colcon_core.package_identification:_identify(catkin_ws/log) by extensions ['ignore', 'ignore_ament_install']
[0.249s] Level 1:colcon.colcon_core.package_identification:_identify(catkin_ws/log) by extension 'ignore'
[0.249s] Level 1:colcon.colcon_core.package_identification:_identify(catkin_ws/log) ignored
[0.249s] Level 1:colcon.colcon_core.package_identification:_identify(install) by extensions ['ignore', 'ignore_ament_install']
[0.249s] Level 1:colcon.colcon_core.package_identification:_identify(install) by extension 'ignore'
[0.249s] Level 1:colcon.colcon_core.package_identification:_identify(install) ignored
[0.249s] Level 1:colcon.colcon_core.package_identification:_identify(log) by extensions ['ignore', 'ignore_ament_install']
[0.249s] Level 1:colcon.colcon_core.package_identification:_identify(log) by extension 'ignore'
[0.249s] Level 1:colcon.colcon_core.package_identification:_identify(log) ignored
[0.249s] Level 1:colcon.colcon_core.package_discovery:discover_packages(recursive) using defaults
[0.250s] Level 1:colcon.colcon_core.package_discovery:discover_packages(ignore) discover
[0.250s] Level 1:colcon.colcon_core.package_discovery:discover_packages(ignore) using defaults
[0.250s] Level 1:colcon.colcon_core.package_discovery:discover_packages(path) discover
[0.250s] Level 1:colcon.colcon_core.package_discovery:discover_packages(path) using defaults
[0.254s] Level 5:colcon.colcon_core.verb:set package 'au_core' build argument 'cmake_args' from command line to 'None'
[0.254s] Level 5:colcon.colcon_core.verb:set package 'au_core' build argument 'cmake_target' from command line to 'None'
[0.254s] Level 5:colcon.colcon_core.verb:set package 'au_core' build argument 'cmake_target_skip_unavailable' from command line to 'False'
[0.254s] Level 5:colcon.colcon_core.verb:set package 'au_core' build argument 'cmake_clean_cache' from command line to 'False'
[0.254s] Level 5:colcon.colcon_core.verb:set package 'au_core' build argument 'cmake_clean_first' from command line to 'False'
[0.255s] Level 5:colcon.colcon_core.verb:set package 'au_core' build argument 'cmake_force_configure' from command line to 'False'
[0.255s] Level 5:colcon.colcon_core.verb:set package 'au_core' build argument 'ament_cmake_args' from command line to 'None'
[0.255s] Level 5:colcon.colcon_core.verb:set package 'au_core' build argument 'catkin_cmake_args' from command line to 'None'
[0.255s] Level 5:colcon.colcon_core.verb:set package 'au_core' build argument 'catkin_skip_building_tests' from command line to 'False'
[0.255s] DEBUG:colcon.colcon_core.verb:Building package 'au_core' with the following arguments: {'ament_cmake_args': None, 'build_base': '/home/ramana/auri_v2000/build/au_core', 'catkin_cmake_args': None, 'catkin_skip_building_tests': False, 'cmake_args': None, 'cmake_clean_cache': False, 'cmake_clean_first': False, 'cmake_force_configure': False, 'cmake_target': None, 'cmake_target_skip_unavailable': False, 'install_base': '/home/ramana/auri_v2000/install/au_core', 'merge_install': False, 'path': '/home/ramana/auri_v2000/catkin_ws/au_core', 'symlink_install': False, 'test_result_base': None}
[0.255s] INFO:colcon.colcon_core.executor:Executing jobs using 'parallel' executor
[0.256s] DEBUG:colcon.colcon_parallel_executor.executor.parallel:run_until_complete
[0.256s] INFO:colcon.colcon_ros.task.catkin.build:Building ROS package in '/home/ramana/auri_v2000/catkin_ws/au_core' with build type 'catkin'
[0.257s] INFO:colcon.colcon_cmake.task.cmake.build:Building CMake package in '/home/ramana/auri_v2000/catkin_ws/au_core'
[0.261s] INFO:colcon.colcon_core.plugin_system:Skipping extension 'colcon_core.shell.bat': Not used on non-Windows systems
[0.261s] INFO:colcon.colcon_core.shell:Skip shell extension 'powershell' for command environment: Not usable outside of PowerShell
[0.261s] DEBUG:colcon.colcon_core.shell:Skip shell extension 'dsv' for command environment
[0.264s] DEBUG:colcon.colcon_core.shell:Ignoring prefix path '/opt/ros/dashing'
[0.269s] DEBUG:colcon.colcon_core.event_handler.log_command:Invoking command in '/home/ramana/auri_v2000/build/au_core': /usr/bin/cmake /home/ramana/auri_v2000/catkin_ws/au_core -DCATKIN_INSTALL_INTO_PREFIX_ROOT=0 -DCMAKE_INSTALL_PREFIX=/home/ramana/auri_v2000/install/au_core
[0.677s] Level 1:colcon.colcon_core.shell:create_environment_hook('au_core', 'ros_package_path')
[0.678s] INFO:colcon.colcon_core.shell:Creating environment hook '/home/ramana/auri_v2000/install/au_core/share/au_core/hook/ros_package_path.ps1'
[0.679s] DEBUG:colcon.colcon_core.event_handler.log_command:Invoked command in '/home/ramana/auri_v2000/build/au_core' returned '1': /usr/bin/cmake /home/ramana/auri_v2000/catkin_ws/au_core -DCATKIN_INSTALL_INTO_PREFIX_ROOT=0 -DCMAKE_INSTALL_PREFIX=/home/ramana/auri_v2000/install/au_core
[0.680s] INFO:colcon.colcon_core.shell:Creating environment descriptor '/home/ramana/auri_v2000/install/au_core/share/au_core/hook/ros_package_path.dsv'
[0.680s] INFO:colcon.colcon_core.shell:Creating environment hook '/home/ramana/auri_v2000/install/au_core/share/au_core/hook/ros_package_path.sh'
[0.681s] Level 1:colcon.colcon_core.shell:create_environment_hook('au_core', 'pkg_config_path')
[0.682s] INFO:colcon.colcon_core.shell:Creating environment hook '/home/ramana/auri_v2000/install/au_core/share/au_core/hook/pkg_config_path.ps1'
[0.682s] INFO:colcon.colcon_core.shell:Creating environment descriptor '/home/ramana/auri_v2000/install/au_core/share/au_core/hook/pkg_config_path.dsv'
[0.682s] INFO:colcon.colcon_core.shell:Creating environment hook '/home/ramana/auri_v2000/install/au_core/share/au_core/hook/pkg_config_path.sh'
[0.688s] Level 1:colcon.colcon_core.shell:create_environment_hook('au_core', 'pkg_config_path_multiarch')
[0.689s] INFO:colcon.colcon_core.shell:Creating environment hook '/home/ramana/auri_v2000/install/au_core/share/au_core/hook/pkg_config_path_multiarch.ps1'
[0.690s] INFO:colcon.colcon_core.shell:Creating environment descriptor '/home/ramana/auri_v2000/install/au_core/share/au_core/hook/pkg_config_path_multiarch.dsv'
[0.690s] INFO:colcon.colcon_core.shell:Creating environment hook '/home/ramana/auri_v2000/install/au_core/share/au_core/hook/pkg_config_path_multiarch.sh'
[0.692s] Level 1:colcon.colcon_core.environment:create_environment_scripts_only(au_core)
[0.698s] Level 1:colcon.colcon_core.environment:checking '/home/ramana/auri_v2000/install/au_core' for CMake module files
[0.698s] Level 1:colcon.colcon_core.environment:checking '/home/ramana/auri_v2000/install/au_core' for CMake config files
[0.700s] Level 1:colcon.colcon_core.environment:checking '/home/ramana/auri_v2000/install/au_core/bin'
[0.700s] Level 1:colcon.colcon_core.environment:checking '/home/ramana/auri_v2000/install/au_core/lib/pkgconfig/au_core.pc'
[0.700s] Level 1:colcon.colcon_core.environment:checking '/home/ramana/auri_v2000/install/au_core/lib/python3.6/site-packages'
[0.701s] INFO:colcon.colcon_core.shell:Creating package script '/home/ramana/auri_v2000/install/au_core/share/au_core/package.ps1'
[0.702s] INFO:colcon.colcon_core.shell:Creating package descriptor '/home/ramana/auri_v2000/install/au_core/share/au_core/package.dsv'
[0.703s] INFO:colcon.colcon_core.shell:Creating package script '/home/ramana/auri_v2000/install/au_core/share/au_core/package.sh'
[0.704s] INFO:colcon.colcon_core.shell:Creating package script '/home/ramana/auri_v2000/install/au_core/share/au_core/package.bash'
[0.706s] INFO:colcon.colcon_core.shell:Creating package script '/home/ramana/auri_v2000/install/au_core/share/au_core/package.zsh'
[0.707s] Level 1:colcon.colcon_core.environment:create_file_with_runtime_dependencies(/home/ramana/auri_v2000/install/au_core/share/colcon-core/packages/au_core)
[0.708s] DEBUG:colcon.colcon_parallel_executor.executor.parallel:closing loop
[0.708s] DEBUG:colcon.colcon_parallel_executor.executor.parallel:loop closed
[0.708s] DEBUG:colcon.colcon_parallel_executor.executor.parallel:run_until_complete finished with '1'
[0.708s] DEBUG:colcon.colcon_core.event_reactor:joining thread
[0.719s] INFO:colcon.colcon_core.plugin_system:Skipping extension 'colcon_notification.desktop_notification.terminal_notifier': Not used on non-Darwin systems
[0.719s] INFO:colcon.colcon_core.plugin_system:Skipping extension 'colcon_notification.desktop_notification.win32': Not used on non-Windows systems
[0.719s] INFO:colcon.colcon_notification.desktop_notification:Sending desktop notification using 'notify2'
[0.742s] DEBUG:colcon.colcon_core.event_reactor:joined thread
[0.744s] INFO:colcon.colcon_core.shell:Creating prefix script '/home/ramana/auri_v2000/install/local_setup.ps1'
[0.749s] INFO:colcon.colcon_core.shell:Creating prefix util module '/home/ramana/auri_v2000/install/_local_setup_util_ps1.py'
[0.754s] INFO:colcon.colcon_core.shell:Creating prefix chain script '/home/ramana/auri_v2000/install/setup.ps1'
[0.762s] INFO:colcon.colcon_core.shell:Creating prefix script '/home/ramana/auri_v2000/install/local_setup.sh'
[0.764s] INFO:colcon.colcon_core.shell:Creating prefix util module '/home/ramana/auri_v2000/install/_local_setup_util_sh.py'
[0.766s] INFO:colcon.colcon_core.shell:Creating prefix chain script '/home/ramana/auri_v2000/install/setup.sh'
[0.774s] INFO:colcon.colcon_core.shell:Creating prefix script '/home/ramana/auri_v2000/install/local_setup.bash'
[0.776s] INFO:colcon.colcon_core.shell:Creating prefix chain script '/home/ramana/auri_v2000/install/setup.bash'
[0.785s] INFO:colcon.colcon_core.shell:Creating prefix script '/home/ramana/auri_v2000/install/local_setup.zsh'
[0.787s] INFO:colcon.colcon_core.shell:Creating prefix chain script '/home/ramana/auri_v2000/install/setup.zsh'
